\BOOKMARK [0][-]{cover.0}{\376\377\116\055\145\207\134\001\227\142}{}% 1
\BOOKMARK [0][-]{abstract.0}{\376\377\116\055\145\207\144\130\211\201}{}% 2
\BOOKMARK [0][-]{englishabstract.0}{\376\377\202\361\145\207\144\130\211\201}{}% 3
\BOOKMARK [0][-]{chapter.1}{\376\377\0001\000\040\176\352\213\272}{}% 4
\BOOKMARK [1][-]{section.1.1}{\376\377\0001\000\040\000.\000\040\0001\000\040\170\024\172\166\200\314\146\157}{chapter.1}% 5
\BOOKMARK [1][-]{section.1.2}{\376\377\0001\000\040\000.\000\040\0002\000\040\147\054\145\207\135\345\117\134\124\214\215\041\163\056}{chapter.1}% 6
\BOOKMARK [1][-]{section.1.3}{\376\377\0001\000\040\000.\000\040\0003\000\040\147\054\145\207\176\323\147\204}{chapter.1}% 7
\BOOKMARK [0][-]{chapter.2}{\376\377\0002\000\040\166\370\121\163\135\345\117\134}{}% 8
\BOOKMARK [1][-]{section.2.1}{\376\377\0002\000\040\000.\000\040\0001\000\040\117\040\176\337\000I\000S\000P}{chapter.2}% 9
\BOOKMARK [1][-]{section.2.2}{\376\377\0002\000\040\000.\000\040\0002\000\040\000R\000A\000W\126\376\120\317\131\004\164\006}{chapter.2}% 10
\BOOKMARK [0][-]{chapter.3}{\376\377\0003\000\040\170\024\172\166\145\271\154\325}{}% 11
\BOOKMARK [1][-]{section.3.1}{\376\377\0003\000\040\000.\000\040\0001\000\040\225\356\230\230\121\154\137\017\123\026}{chapter.3}% 12
\BOOKMARK [1][-]{section.3.2}{\376\377\0003\000\040\000.\000\040\0002\000\040\220\032\217\307\147\072\126\150\133\146\116\140\133\236\163\260\166\204\000i\000n\000v\000I\000S\000P}{chapter.3}% 13
\BOOKMARK [1][-]{section.3.3}{\376\377\0003\000\040\000.\000\040\0003\000\040\000R\000A\000W\127\337\211\306\211\311\116\373\122\241}{chapter.3}% 14
\BOOKMARK [2][-]{subsection.3.3.1}{\376\377\0003\000\040\000.\000\040\0003\000\040\000.\000\040\0001\000\040\121\306\170\156\163\207}{section.3.3}% 15
\BOOKMARK [1][-]{section.3.4}{\376\377\0003\000\040\000.\000\040\0004\000\040\143\137\131\061\121\375\145\160\000L\000o\000s\000s\000\040\000F\000u\000n\000c\000t\000i\000o\000n}{chapter.3}% 16
\BOOKMARK [0][-]{chapter.4}{\376\377\0004\000\040\133\236\232\214}{}% 17
\BOOKMARK [1][-]{section.4.1}{\376\377\0004\000\040\000.\000\040\0001\000\040\145\160\143\156\226\306}{chapter.4}% 18
\BOOKMARK [2][-]{subsection.4.1.1}{\376\377\0004\000\040\000.\000\040\0001\000\040\000.\000\040\0001\000\040\000i\000P\000h\000o\000n\000e\000\040\000R\000A\000W\000\040\000S\000c\000a\000p\000e\000\040\0001\000K}{section.4.1}% 19
\BOOKMARK [2][-]{subsection.4.1.2}{\376\377\0004\000\040\000.\000\040\0001\000\040\000.\000\040\0002\000\040\000B\000D\000D}{section.4.1}% 20
\BOOKMARK [1][-]{section.4.2}{\376\377\0004\000\040\000.\000\040\0002\000\040\213\255\176\303\176\306\202\202}{chapter.4}% 21
\BOOKMARK [2][-]{subsection.4.2.1}{\376\377\0004\000\040\000.\000\040\0002\000\040\000.\000\040\0001\000\040\127\372\116\216\133\146\116\140\166\204\000i\000n\000v\000I\000S\000P\177\121\176\334}{section.4.2}% 22
\BOOKMARK [2][-]{subsection.4.2.2}{\376\377\0004\000\040\000.\000\040\0002\000\040\000.\000\040\0002\000\040\162\151\117\123\143\242\155\113\177\121\176\334}{section.4.2}% 23
\BOOKMARK [2][-]{subsection.4.2.3}{\376\377\0004\000\040\000.\000\040\0002\000\040\000.\000\040\0003\000\040\133\236\117\213\122\006\122\162\177\121\176\334}{section.4.2}% 24
\BOOKMARK [1][-]{section.4.3}{\376\377\0004\000\040\000.\000\040\0003\000\040\176\323\147\234}{chapter.4}% 25
\BOOKMARK [2][-]{subsection.4.3.1}{\376\377\0004\000\040\000.\000\040\0003\000\040\000.\000\040\0001\000\040\127\372\116\216\133\146\116\140\166\204\000i\000n\000v\000I\000S\000P}{section.4.3}% 26
\BOOKMARK [2][-]{subsection.4.3.2}{\376\377\0004\000\040\000.\000\040\0003\000\040\000.\000\040\0002\000\040\166\356\150\007\150\300\155\113\176\323\147\234}{section.4.3}% 27
\BOOKMARK [2][-]{subsection.4.3.3}{\376\377\0004\000\040\000.\000\040\0003\000\040\000.\000\040\0003\000\040\133\236\117\213\122\006\122\162\176\323\147\234}{section.4.3}% 28
\BOOKMARK [0][-]{chapter.5}{\376\377\0005\000\040\140\073\176\323\116\016\213\250\213\272}{}% 29
\BOOKMARK [0][-]{chapter*.7}{\376\377\123\302\200\003\145\207\163\056}{}% 30
\BOOKMARK [0][-]{chapter*.8}{\376\377\201\364\000\040\214\042}{}% 31
